2025-10-07T13:48:00+00:00 INFO Failed to create one_cc_address_sync_cron as invalid one cc merchant
2025-10-07T13:48:00+00:00 INFO Attempting to delete one_cc_address_sync_cron, status: cancelled, message: invalid_1cc_merchant
2025-10-07T13:48:00+00:00 INFO Deleted one_cc_address_sync_cron  if exists
2025-10-07T13:48:00+00:00 INFO updateAddressSyncCronData: status=cancelled, message=invalid_1cc_merchant, cronStatus=deleted
2025-10-07T13:48:00+00:00 INFO create one_cc_plugin_sync_cron successful
2025-10-07T13:52:38+00:00 INFO Trying to create one_cc_address_sync_cron
2025-10-07T13:52:38+00:00 INFO Failed to create one_cc_address_sync_cron as invalid one cc merchant
2025-10-07T13:52:38+00:00 INFO Attempting to delete one_cc_address_sync_cron, status: cancelled, message: invalid_1cc_merchant
2025-10-07T13:52:38+00:00 INFO Deleted one_cc_address_sync_cron  if exists
2025-10-07T13:52:38+00:00 INFO updateAddressSyncCronData: status=cancelled, message=invalid_1cc_merchant, cronStatus=deleted
2025-10-07T13:52:38+00:00 INFO create one_cc_plugin_sync_cron successful
2025-10-07T14:04:47+00:00 INFO Trying to create one_cc_address_sync_cron
2025-10-07T14:04:47+00:00 INFO Failed to create one_cc_address_sync_cron as invalid one cc merchant
2025-10-07T14:04:47+00:00 INFO Attempting to delete one_cc_address_sync_cron, status: cancelled, message: invalid_1cc_merchant
2025-10-07T14:04:47+00:00 INFO Deleted one_cc_address_sync_cron  if exists
2025-10-07T14:04:47+00:00 INFO updateAddressSyncCronData: status=cancelled, message=invalid_1cc_merchant, cronStatus=deleted
2025-10-07T14:04:47+00:00 INFO create one_cc_plugin_sync_cron successful
2025-10-07T14:08:45+00:00 INFO Trying to create one_cc_address_sync_cron
2025-10-07T14:08:45+00:00 INFO Failed to create one_cc_address_sync_cron as invalid one cc merchant
2025-10-07T14:08:45+00:00 INFO Attempting to delete one_cc_address_sync_cron, status: cancelled, message: invalid_1cc_merchant
2025-10-07T14:08:45+00:00 INFO Deleted one_cc_address_sync_cron  if exists
2025-10-07T14:08:45+00:00 INFO updateAddressSyncCronData: status=cancelled, message=invalid_1cc_merchant, cronStatus=deleted
2025-10-07T14:08:45+00:00 INFO create one_cc_plugin_sync_cron successful
2025-10-07T18:13:00+00:00 INFO Trying to create one_cc_address_sync_cron
2025-10-07T18:13:00+00:00 INFO Failed to create one_cc_address_sync_cron as invalid one cc merchant
2025-10-07T18:13:00+00:00 INFO Attempting to delete one_cc_address_sync_cron, status: cancelled, message: invalid_1cc_merchant
2025-10-07T18:13:00+00:00 INFO Deleted one_cc_address_sync_cron  if exists
2025-10-07T18:13:00+00:00 INFO updateAddressSyncCronData: status=cancelled, message=invalid_1cc_merchant, cronStatus=deleted
2025-10-07T18:13:00+00:00 INFO create one_cc_plugin_sync_cron successful
2025-10-07T19:08:18+00:00 INFO Trying to create one_cc_address_sync_cron
2025-10-07T19:08:18+00:00 INFO Failed to create one_cc_address_sync_cron as invalid one cc merchant
2025-10-07T19:08:18+00:00 INFO Attempting to delete one_cc_address_sync_cron, status: cancelled, message: invalid_1cc_merchant
2025-10-07T19:08:18+00:00 INFO Deleted one_cc_address_sync_cron  if exists
2025-10-07T19:08:18+00:00 INFO updateAddressSyncCronData: status=cancelled, message=invalid_1cc_merchant, cronStatus=deleted
2025-10-07T19:08:18+00:00 INFO create one_cc_plugin_sync_cron successful
2025-10-07T19:45:31+00:00 INFO Trying to create one_cc_address_sync_cron
2025-10-07T19:45:31+00:00 INFO Failed to create one_cc_address_sync_cron as invalid one cc merchant
2025-10-07T19:45:31+00:00 INFO Attempting to delete one_cc_address_sync_cron, status: cancelled, message: invalid_1cc_merchant
2025-10-07T19:45:31+00:00 INFO Deleted one_cc_address_sync_cron  if exists
2025-10-07T19:45:31+00:00 INFO updateAddressSyncCronData: status=cancelled, message=invalid_1cc_merchant, cronStatus=deleted
2025-10-07T19:45:31+00:00 INFO create one_cc_plugin_sync_cron successful
2025-10-07T19:49:39+00:00 INFO Trying to create one_cc_address_sync_cron
2025-10-07T19:49:39+00:00 INFO Failed to create one_cc_address_sync_cron as invalid one cc merchant
2025-10-07T19:49:39+00:00 INFO Attempting to delete one_cc_address_sync_cron, status: cancelled, message: invalid_1cc_merchant
2025-10-07T19:49:39+00:00 INFO Deleted one_cc_address_sync_cron  if exists
2025-10-07T19:49:39+00:00 INFO updateAddressSyncCronData: status=cancelled, message=invalid_1cc_merchant, cronStatus=deleted
2025-10-07T19:49:39+00:00 INFO create one_cc_plugin_sync_cron successful
