2025-11-04T03:54:26+00:00 INFO Failed to create one_cc_address_sync_cron as invalid one cc merchant
2025-11-04T03:54:26+00:00 INFO Attempting to delete one_cc_address_sync_cron, status: cancelled, message: invalid_1cc_merchant
2025-11-04T03:54:26+00:00 INFO Deleted one_cc_address_sync_cron  if exists
2025-11-04T03:54:26+00:00 INFO updateAddressSyncCronData: status=cancelled, message=invalid_1cc_merchant, cronStatus=deleted
2025-11-04T03:54:26+00:00 INFO create one_cc_plugin_sync_cron successful
2025-11-04T03:55:56+00:00 INFO Trying to create one_cc_address_sync_cron
2025-11-04T03:55:56+00:00 INFO Failed to create one_cc_address_sync_cron as invalid one cc merchant
2025-11-04T03:55:56+00:00 INFO Attempting to delete one_cc_address_sync_cron, status: cancelled, message: invalid_1cc_merchant
2025-11-04T03:55:56+00:00 INFO Deleted one_cc_address_sync_cron  if exists
2025-11-04T03:55:56+00:00 INFO updateAddressSyncCronData: status=cancelled, message=invalid_1cc_merchant, cronStatus=deleted
2025-11-04T03:55:56+00:00 INFO create one_cc_plugin_sync_cron successful
2025-11-04T06:18:13+00:00 INFO Attempting to delete one_cc_address_sync_cron, status: deactivated, message: 
2025-11-04T06:18:13+00:00 INFO Deleted one_cc_address_sync_cron  if exists
2025-11-04T06:18:13+00:00 INFO updateAddressSyncCronData: status=deactivated, message=, cronStatus=deleted
2025-11-04T06:18:13+00:00 INFO updateAddressSyncCronData:530 - Updating option: ONE_CC_ADDRESS_SYNC_CRON_HOOK
2025-11-04T06:18:13+00:00 INFO updateAddressSyncCronData:532 -  Successfully Updated Option: ONE_CC_ADDRESS_SYNC_CRON_HOOK
2025-11-04T06:19:16+00:00 INFO Trying to create one_cc_address_sync_cron
2025-11-04T06:19:16+00:00 INFO Failed to create one_cc_address_sync_cron as invalid one cc merchant
2025-11-04T06:19:16+00:00 INFO Attempting to delete one_cc_address_sync_cron, status: cancelled, message: invalid_1cc_merchant
2025-11-04T06:19:16+00:00 INFO Deleted one_cc_address_sync_cron  if exists
2025-11-04T06:19:16+00:00 INFO updateAddressSyncCronData: status=cancelled, message=invalid_1cc_merchant, cronStatus=deleted
2025-11-04T06:19:16+00:00 INFO updateAddressSyncCronData:530 - Updating option: ONE_CC_ADDRESS_SYNC_CRON_HOOK
2025-11-04T06:19:16+00:00 INFO updateAddressSyncCronData:532 -  Successfully Updated Option: ONE_CC_ADDRESS_SYNC_CRON_HOOK
2025-11-04T06:19:16+00:00 INFO create one_cc_plugin_sync_cron successful
2025-11-04T06:23:26+00:00 INFO Trying to create one_cc_address_sync_cron
2025-11-04T06:23:26+00:00 INFO Failed to create one_cc_address_sync_cron as invalid one cc merchant
2025-11-04T06:23:26+00:00 INFO Attempting to delete one_cc_address_sync_cron, status: cancelled, message: invalid_1cc_merchant
2025-11-04T06:23:26+00:00 INFO Deleted one_cc_address_sync_cron  if exists
2025-11-04T06:23:26+00:00 INFO updateAddressSyncCronData: status=cancelled, message=invalid_1cc_merchant, cronStatus=deleted
2025-11-04T06:23:26+00:00 INFO create one_cc_plugin_sync_cron successful
