2025-10-21T03:50:25+00:00 INFO Failed to create one_cc_address_sync_cron as invalid one cc merchant
2025-10-21T03:50:25+00:00 INFO Attempting to delete one_cc_address_sync_cron, status: cancelled, message: invalid_1cc_merchant
2025-10-21T03:50:25+00:00 INFO Deleted one_cc_address_sync_cron  if exists
2025-10-21T03:50:25+00:00 INFO updateAddressSyncCronData: status=cancelled, message=invalid_1cc_merchant, cronStatus=deleted
2025-10-21T03:50:25+00:00 INFO create one_cc_plugin_sync_cron successful
2025-10-21T03:52:42+00:00 INFO Trying to create one_cc_address_sync_cron
2025-10-21T03:52:42+00:00 INFO Failed to create one_cc_address_sync_cron as invalid one cc merchant
2025-10-21T03:52:42+00:00 INFO Attempting to delete one_cc_address_sync_cron, status: cancelled, message: invalid_1cc_merchant
2025-10-21T03:52:42+00:00 INFO Deleted one_cc_address_sync_cron  if exists
2025-10-21T03:52:42+00:00 INFO updateAddressSyncCronData: status=cancelled, message=invalid_1cc_merchant, cronStatus=deleted
2025-10-21T03:52:42+00:00 INFO create one_cc_plugin_sync_cron successful
2025-10-21T14:18:53+00:00 INFO Trying to create one_cc_address_sync_cron
2025-10-21T14:18:53+00:00 INFO Failed to create one_cc_address_sync_cron as invalid one cc merchant
2025-10-21T14:18:53+00:00 INFO Attempting to delete one_cc_address_sync_cron, status: cancelled, message: invalid_1cc_merchant
2025-10-21T14:18:53+00:00 INFO Deleted one_cc_address_sync_cron  if exists
2025-10-21T14:18:53+00:00 INFO updateAddressSyncCronData: status=cancelled, message=invalid_1cc_merchant, cronStatus=deleted
2025-10-21T14:18:53+00:00 INFO create one_cc_plugin_sync_cron successful
2025-10-21T15:27:15+00:00 INFO Trying to create one_cc_address_sync_cron
2025-10-21T15:27:15+00:00 INFO Failed to create one_cc_address_sync_cron as invalid one cc merchant
2025-10-21T15:27:15+00:00 INFO Attempting to delete one_cc_address_sync_cron, status: cancelled, message: invalid_1cc_merchant
2025-10-21T15:27:15+00:00 INFO Deleted one_cc_address_sync_cron  if exists
2025-10-21T15:27:15+00:00 INFO updateAddressSyncCronData: status=cancelled, message=invalid_1cc_merchant, cronStatus=deleted
2025-10-21T15:27:15+00:00 INFO create one_cc_plugin_sync_cron successful
2025-10-21T16:50:44+00:00 INFO Trying to create one_cc_address_sync_cron
2025-10-21T16:50:44+00:00 INFO Failed to create one_cc_address_sync_cron as invalid one cc merchant
2025-10-21T16:50:44+00:00 INFO Attempting to delete one_cc_address_sync_cron, status: cancelled, message: invalid_1cc_merchant
2025-10-21T16:50:44+00:00 INFO Deleted one_cc_address_sync_cron  if exists
2025-10-21T16:50:44+00:00 INFO updateAddressSyncCronData: status=cancelled, message=invalid_1cc_merchant, cronStatus=deleted
2025-10-21T16:50:44+00:00 INFO create one_cc_plugin_sync_cron successful
2025-10-21T16:50:46+00:00 INFO Trying to create one_cc_address_sync_cron
2025-10-21T16:50:46+00:00 INFO Failed to create one_cc_address_sync_cron as invalid one cc merchant
2025-10-21T16:50:46+00:00 INFO Attempting to delete one_cc_address_sync_cron, status: cancelled, message: invalid_1cc_merchant
2025-10-21T16:50:46+00:00 INFO Deleted one_cc_address_sync_cron  if exists
2025-10-21T16:50:46+00:00 INFO updateAddressSyncCronData: status=cancelled, message=invalid_1cc_merchant, cronStatus=deleted
2025-10-21T16:50:46+00:00 INFO create one_cc_plugin_sync_cron successful
