2025-10-23T06:44:15+00:00 INFO Failed to create one_cc_address_sync_cron as invalid one cc merchant
2025-10-23T06:44:15+00:00 INFO Attempting to delete one_cc_address_sync_cron, status: cancelled, message: invalid_1cc_merchant
2025-10-23T06:44:15+00:00 INFO Deleted one_cc_address_sync_cron  if exists
2025-10-23T06:44:15+00:00 INFO updateAddressSyncCronData: status=cancelled, message=invalid_1cc_merchant, cronStatus=deleted
2025-10-23T06:44:15+00:00 INFO create one_cc_plugin_sync_cron successful
2025-10-23T06:45:13+00:00 INFO Trying to create one_cc_address_sync_cron
2025-10-23T06:45:13+00:00 INFO Failed to create one_cc_address_sync_cron as invalid one cc merchant
2025-10-23T06:45:13+00:00 INFO Attempting to delete one_cc_address_sync_cron, status: cancelled, message: invalid_1cc_merchant
2025-10-23T06:45:13+00:00 INFO Deleted one_cc_address_sync_cron  if exists
2025-10-23T06:45:13+00:00 INFO updateAddressSyncCronData: status=cancelled, message=invalid_1cc_merchant, cronStatus=deleted
2025-10-23T06:45:13+00:00 INFO create one_cc_plugin_sync_cron successful
2025-10-23T07:51:29+00:00 INFO Trying to create one_cc_address_sync_cron
2025-10-23T07:51:29+00:00 INFO Failed to create one_cc_address_sync_cron as invalid one cc merchant
2025-10-23T07:51:29+00:00 INFO Attempting to delete one_cc_address_sync_cron, status: cancelled, message: invalid_1cc_merchant
2025-10-23T07:51:29+00:00 INFO Deleted one_cc_address_sync_cron  if exists
2025-10-23T07:51:29+00:00 INFO updateAddressSyncCronData: status=cancelled, message=invalid_1cc_merchant, cronStatus=deleted
2025-10-23T07:51:29+00:00 INFO create one_cc_plugin_sync_cron successful
2025-10-23T15:26:56+00:00 INFO Trying to create one_cc_address_sync_cron
2025-10-23T15:26:56+00:00 INFO Failed to create one_cc_address_sync_cron as invalid one cc merchant
2025-10-23T15:26:56+00:00 INFO Attempting to delete one_cc_address_sync_cron, status: cancelled, message: invalid_1cc_merchant
2025-10-23T15:26:56+00:00 INFO Deleted one_cc_address_sync_cron  if exists
2025-10-23T15:26:56+00:00 INFO updateAddressSyncCronData: status=cancelled, message=invalid_1cc_merchant, cronStatus=deleted
2025-10-23T15:26:56+00:00 INFO create one_cc_plugin_sync_cron successful
2025-10-23T15:27:21+00:00 INFO Trying to create one_cc_address_sync_cron
2025-10-23T15:27:21+00:00 INFO Failed to create one_cc_address_sync_cron as invalid one cc merchant
2025-10-23T15:27:21+00:00 INFO Attempting to delete one_cc_address_sync_cron, status: cancelled, message: invalid_1cc_merchant
2025-10-23T15:27:21+00:00 INFO Deleted one_cc_address_sync_cron  if exists
2025-10-23T15:27:21+00:00 INFO updateAddressSyncCronData: status=cancelled, message=invalid_1cc_merchant, cronStatus=deleted
2025-10-23T15:27:21+00:00 INFO create one_cc_plugin_sync_cron successful
2025-10-23T17:21:52+00:00 INFO Trying to create one_cc_address_sync_cron
2025-10-23T17:21:52+00:00 INFO Failed to create one_cc_address_sync_cron as invalid one cc merchant
2025-10-23T17:21:52+00:00 INFO Attempting to delete one_cc_address_sync_cron, status: cancelled, message: invalid_1cc_merchant
2025-10-23T17:21:52+00:00 INFO Deleted one_cc_address_sync_cron  if exists
2025-10-23T17:21:52+00:00 INFO updateAddressSyncCronData: status=cancelled, message=invalid_1cc_merchant, cronStatus=deleted
2025-10-23T17:21:52+00:00 INFO create one_cc_plugin_sync_cron successful
2025-10-23T18:52:08+00:00 INFO Trying to create one_cc_address_sync_cron
2025-10-23T18:52:08+00:00 INFO Failed to create one_cc_address_sync_cron as invalid one cc merchant
2025-10-23T18:52:08+00:00 INFO Attempting to delete one_cc_address_sync_cron, status: cancelled, message: invalid_1cc_merchant
2025-10-23T18:52:08+00:00 INFO Deleted one_cc_address_sync_cron  if exists
2025-10-23T18:52:08+00:00 INFO updateAddressSyncCronData: status=cancelled, message=invalid_1cc_merchant, cronStatus=deleted
2025-10-23T18:52:08+00:00 INFO create one_cc_plugin_sync_cron successful
2025-10-23T18:52:52+00:00 INFO Trying to create one_cc_address_sync_cron
2025-10-23T18:52:52+00:00 INFO Failed to create one_cc_address_sync_cron as invalid one cc merchant
2025-10-23T18:52:52+00:00 INFO Attempting to delete one_cc_address_sync_cron, status: cancelled, message: invalid_1cc_merchant
2025-10-23T18:52:52+00:00 INFO Deleted one_cc_address_sync_cron  if exists
2025-10-23T18:52:52+00:00 INFO updateAddressSyncCronData: status=cancelled, message=invalid_1cc_merchant, cronStatus=deleted
2025-10-23T18:52:52+00:00 INFO create one_cc_plugin_sync_cron successful
2025-10-23T18:52:53+00:00 INFO Trying to create one_cc_address_sync_cron
2025-10-23T18:52:53+00:00 INFO Failed to create one_cc_address_sync_cron as invalid one cc merchant
2025-10-23T18:52:53+00:00 INFO Attempting to delete one_cc_address_sync_cron, status: cancelled, message: invalid_1cc_merchant
2025-10-23T18:52:53+00:00 INFO Deleted one_cc_address_sync_cron  if exists
2025-10-23T18:52:53+00:00 INFO updateAddressSyncCronData: status=cancelled, message=invalid_1cc_merchant, cronStatus=deleted
2025-10-23T18:52:53+00:00 INFO create one_cc_plugin_sync_cron successful
2025-10-23T18:55:32+00:00 INFO Trying to create one_cc_address_sync_cron
2025-10-23T18:55:32+00:00 INFO Failed to create one_cc_address_sync_cron as invalid one cc merchant
2025-10-23T18:55:32+00:00 INFO Attempting to delete one_cc_address_sync_cron, status: cancelled, message: invalid_1cc_merchant
2025-10-23T18:55:32+00:00 INFO Deleted one_cc_address_sync_cron  if exists
2025-10-23T18:55:32+00:00 INFO updateAddressSyncCronData: status=cancelled, message=invalid_1cc_merchant, cronStatus=deleted
2025-10-23T18:55:32+00:00 INFO create one_cc_plugin_sync_cron successful
