2025-11-22T09:29:39+00:00 INFO Trying to create one_cc_address_sync_cron
2025-11-22T09:29:39+00:00 INFO Failed to create one_cc_address_sync_cron as invalid one cc merchant
2025-11-22T09:29:39+00:00 INFO Attempting to delete one_cc_address_sync_cron, status: cancelled, message: invalid_1cc_merchant
2025-11-22T09:29:39+00:00 INFO Deleted one_cc_address_sync_cron  if exists
2025-11-22T09:29:39+00:00 INFO updateAddressSyncCronData: status=cancelled, message=invalid_1cc_merchant, cronStatus=deleted
2025-11-22T09:29:39+00:00 INFO create one_cc_plugin_sync_cron successful
2025-11-22T14:42:01+00:00 INFO Called process_payment with params order_id 2266
2025-11-22T14:42:01+00:00 INFO Set transient with key razorpay_wc_order_id params order_id 2266
2025-11-22T14:42:04+00:00 INFO getRazorpayPaymentParams 2266
2025-11-22T14:42:04+00:00 INFO createOrGetRazorpayOrderId 2266 and is1ccCheckout is set to no
2025-11-22T14:42:04+00:00 INFO Called createOrGetRazorpayOrderId with params orderId 2266 and is_magic_checkout_order is set to no
2025-11-22T14:42:04+00:00 INFO razorpayOrderId  | sessionKey razorpay_order_id2266
2025-11-22T14:42:04+00:00 INFO Called createRazorpayOrderId with params orderId 2266 and sessionKey razorpay_order_id2266
2025-11-22T14:42:04+00:00 INFO Called getOrderCreationData with params orderId 2266
2025-11-22T14:42:04+00:00 INFO Called getOrderCreationData with params orderId 2266 and is1ccOrder is set to no
2025-11-22T14:42:04+00:00 INFO For order 2266
2025-11-22T14:42:04+00:00 INFO {"receipt":"2266","amount":125200,"currency":"INR","payment_capture":1,"app_offer":0,"notes":{"woocommerce_order_id":"2266","woocommerce_order_number":"2266"}}
2025-11-22T14:42:08+00:00 INFO Updating razorpay webhook
2025-11-22T14:42:10+00:00 INFO Meta data saved for Order ID 2266 with key razorpay_order_id2266 and value order_Rip3uPlrHx2xIv.
2025-11-22T14:42:10+00:00 INFO For order session key razorpay_order_id2266
2025-11-22T14:53:06+00:00 INFO Called process_payment with params order_id 2267
2025-11-22T14:53:06+00:00 INFO Set transient with key razorpay_wc_order_id params order_id 2267
2025-11-22T14:53:10+00:00 INFO getRazorpayPaymentParams 2267
2025-11-22T14:53:10+00:00 INFO createOrGetRazorpayOrderId 2267 and is1ccCheckout is set to no
2025-11-22T14:53:10+00:00 INFO Called createOrGetRazorpayOrderId with params orderId 2267 and is_magic_checkout_order is set to no
2025-11-22T14:53:10+00:00 INFO razorpayOrderId  | sessionKey razorpay_order_id2267
2025-11-22T14:53:10+00:00 INFO Called createRazorpayOrderId with params orderId 2267 and sessionKey razorpay_order_id2267
2025-11-22T14:53:10+00:00 INFO Called getOrderCreationData with params orderId 2267
2025-11-22T14:53:10+00:00 INFO Called getOrderCreationData with params orderId 2267 and is1ccOrder is set to no
2025-11-22T14:53:10+00:00 INFO For order 2267
2025-11-22T14:53:10+00:00 INFO {"receipt":"2267","amount":10200,"currency":"SGD","payment_capture":1,"app_offer":0,"notes":{"woocommerce_order_id":"2267","woocommerce_order_number":"2267"}}
2025-11-22T14:53:10+00:00 INFO Meta data saved for Order ID 2267 with key razorpay_order_id2267 and value order_RipFc8VRYEbMs3.
2025-11-22T14:53:10+00:00 INFO For order session key razorpay_order_id2267
